dataset_size = 256.00 MB    numObjs = 2097152    numCoords = 16    numClusters = 16
Initial cluster centers:
(0) clusters[0] = 0.004715 7.995198 8.346090 1.069209 7.634423 6.345752 4.278550 9.997682 6.721331 3.343146 2.509972 5.590152 2.435149 3.354148 5.438011 2.778399
(0) clusters[1] = 1.055605 3.438091 4.491276 5.507455 1.723666 6.807111 2.735951 0.343728 9.658373 5.107579 3.941269 8.264419 0.263599 8.721890 2.648821 0.791838
(0) clusters[2] = 1.090133 5.654074 8.398990 5.510395 1.239118 2.934909 6.586164 1.552633 0.628114 7.545774 5.166098 7.260231 1.655410 8.129035 1.584030 5.644182
(0) clusters[3] = 2.185321 3.312946 8.451885 9.951582 4.843814 9.533831 8.893767 3.102700 4.539781 1.748402 7.822229 8.930311 0.880554 2.903926 7.730053 8.505077
(0) clusters[4] = 2.219843 5.524042 2.354716 9.954517 4.359267 5.661629 2.743980 4.306712 5.504640 4.186602 9.047059 7.921236 2.277247 2.306198 6.665267 3.352533
(0) clusters[5] = 3.275621 0.966935 8.504781 4.397646 8.448509 6.132754 1.196498 4.657651 8.446564 5.951031 0.478356 0.600386 0.105697 7.678818 3.880950 1.365967
(0) clusters[6] = 3.315027 3.187801 2.407617 4.395703 7.959084 2.260552 5.046711 5.861668 9.411423 8.384348 1.698302 9.591316 1.502391 7.081085 2.816164 6.213428
(0) clusters[7] = 4.400445 0.841790 2.460512 8.841772 1.563774 8.854591 7.349432 7.416618 3.318207 2.591859 4.354433 1.261395 0.727535 1.855977 8.962183 9.074323
(0) clusters[8] = 4.434977 3.057773 6.368226 8.844707 1.074349 4.982394 1.204527 8.620635 4.283066 5.025176 5.574375 0.257203 2.124233 1.263127 7.897397 3.921784
(0) clusters[9] = 5.530160 0.716645 6.416239 3.290776 4.679044 1.576429 3.507253 0.175590 8.189854 9.227804 8.230506 1.927283 1.344494 6.038014 4.043416 6.787562
(0) clusters[10] = 6.620461 8.375516 6.474022 7.727075 8.288618 8.170469 5.814861 1.725658 2.096638 3.430432 0.881749 3.597362 0.569637 0.812906 0.194318 9.648457
(0) clusters[11] = 6.659866 0.586617 0.376853 7.730015 7.799193 4.298271 9.665074 2.934553 3.071262 5.868632 2.106579 2.588288 1.971214 0.215177 9.124648 4.500796
(0) clusters[12] = 7.745289 8.250371 0.424866 2.176084 1.403888 0.897189 1.967800 4.479738 6.973158 0.066373 4.757827 4.258367 1.191470 4.994947 5.270663 7.361696
(0) clusters[13] = 8.840472 5.904365 0.482649 6.617265 5.008583 7.491233 4.275404 6.034698 0.879942 4.269001 7.413953 5.928451 0.411731 9.769839 1.416686 0.222591
(0) clusters[14] = 8.874999 8.120343 4.385480 6.620205 4.519153 3.619031 8.125617 7.238710 1.849688 6.707206 8.633899 4.924255 1.813307 9.172106 0.351900 5.070043
(0) clusters[15] = 9.965305 5.779220 4.443258 1.061391 8.123848 0.213066 0.433225 8.793660 5.756472 0.904951 1.290026 6.594339 1.038456 3.946998 6.502797 7.930943
        nloops =  10   (total = 14.1340s)  (per loop =  1.4134s)
Final cluster centers:
clusters[0] =   3.01   6.89   6.33   2.56   6.06   6.11   6.17   7.01   5.61   4.66   5.22   4.85   5.45   3.57   5.29   3.51 
clusters[1] =   4.99   4.61   5.32   4.84   2.56   6.69   5.00   3.45   7.54   4.84   3.79   6.79   4.66   5.66   4.24   2.88 
clusters[2] =   2.88   5.44   6.52   4.35   3.18   3.39   5.45   3.40   2.40   5.89   4.31   6.13   5.12   6.43   4.36   5.31 
clusters[3] =   5.26   3.93   7.05   6.52   5.50   6.38   6.94   3.97   5.44   3.48   6.74   6.92   4.77   5.03   6.57   6.53 
clusters[4] =   3.09   6.29   3.01   7.09   5.99   4.53   3.22   4.43   5.11   5.03   7.23   6.40   5.43   3.66   5.74   4.32 
clusters[5] =   4.01   4.00   6.36   6.17   7.33   5.19   3.73   4.77   6.00   4.32   3.48   2.74   4.70   7.30   5.13   3.64 
clusters[6] =   4.17   4.10   3.14   5.21   6.14   3.89   5.47   6.52   6.92   6.84   3.26   7.08   4.97   5.71   3.85   6.54 
clusters[7] =   3.70   3.43   3.01   5.08   3.35   6.84   6.28   6.74   4.12   4.17   4.75   3.27   4.74   5.19   5.62   7.09 
clusters[8] =   5.49   4.30   6.68   6.78   2.56   4.50   3.07   6.98   4.72   5.92   4.91   3.54   5.18   3.26   5.65   3.84 
clusters[9] =   5.35   3.22   5.68   2.98   5.38   4.38   4.30   3.17   6.42   6.87   7.39   3.32   5.13   4.48   4.59   6.28 
clusters[10] =   5.95   6.91   5.52   5.98   6.10   6.87   4.52   3.30   4.12   5.08   3.30   4.11   4.81   3.19   3.12   6.90 
clusters[11] =   6.08   3.91   3.31   5.22   6.05   3.81   7.26   3.53   3.78   5.55   3.56   4.23   5.36   3.36   6.46   2.98 
clusters[12] =   5.92   7.17   3.12   3.63   3.15   3.16   4.40   3.98   6.44   3.01   4.80   3.77   5.01   5.56   5.71   5.99 
clusters[13] =   6.55   4.44   3.09   3.81   5.30   6.95   3.71   5.29   2.76   4.67   6.32   5.88   4.55   6.58   3.94   3.14 
clusters[14] =   6.95   6.92   5.63   6.34   5.05   3.88   7.19   6.88   4.87   6.02   6.86   4.28   5.27   6.57   3.74   4.84 
clusters[15] =   6.81   4.33   6.34   3.51   6.37   3.38   3.16   6.62   3.93   3.55   4.00   6.86   4.83   4.47   6.05   6.29 
dataset_size = 256.00 MB    numObjs = 2097152    numCoords = 16    numClusters = 16
Initial cluster centers:
(0) clusters[0] = 0.004715 7.995198 8.346090 1.069209 7.634423 6.345752 4.278550 9.997682 6.721331 3.343146 2.509972 5.590152 2.435149 3.354148 5.438011 2.778399
(0) clusters[1] = 1.055605 3.438091 4.491276 5.507455 1.723666 6.807111 2.735951 0.343728 9.658373 5.107579 3.941269 8.264419 0.263599 8.721890 2.648821 0.791838
(0) clusters[2] = 1.090133 5.654074 8.398990 5.510395 1.239118 2.934909 6.586164 1.552633 0.628114 7.545774 5.166098 7.260231 1.655410 8.129035 1.584030 5.644182
(0) clusters[3] = 2.185321 3.312946 8.451885 9.951582 4.843814 9.533831 8.893767 3.102700 4.539781 1.748402 7.822229 8.930311 0.880554 2.903926 7.730053 8.505077
(0) clusters[4] = 2.219843 5.524042 2.354716 9.954517 4.359267 5.661629 2.743980 4.306712 5.504640 4.186602 9.047059 7.921236 2.277247 2.306198 6.665267 3.352533
(0) clusters[5] = 3.275621 0.966935 8.504781 4.397646 8.448509 6.132754 1.196498 4.657651 8.446564 5.951031 0.478356 0.600386 0.105697 7.678818 3.880950 1.365967
(0) clusters[6] = 3.315027 3.187801 2.407617 4.395703 7.959084 2.260552 5.046711 5.861668 9.411423 8.384348 1.698302 9.591316 1.502391 7.081085 2.816164 6.213428
(0) clusters[7] = 4.400445 0.841790 2.460512 8.841772 1.563774 8.854591 7.349432 7.416618 3.318207 2.591859 4.354433 1.261395 0.727535 1.855977 8.962183 9.074323
(0) clusters[8] = 4.434977 3.057773 6.368226 8.844707 1.074349 4.982394 1.204527 8.620635 4.283066 5.025176 5.574375 0.257203 2.124233 1.263127 7.897397 3.921784
(0) clusters[9] = 5.530160 0.716645 6.416239 3.290776 4.679044 1.576429 3.507253 0.175590 8.189854 9.227804 8.230506 1.927283 1.344494 6.038014 4.043416 6.787562
(0) clusters[10] = 6.620461 8.375516 6.474022 7.727075 8.288618 8.170469 5.814861 1.725658 2.096638 3.430432 0.881749 3.597362 0.569637 0.812906 0.194318 9.648457
(0) clusters[11] = 6.659866 0.586617 0.376853 7.730015 7.799193 4.298271 9.665074 2.934553 3.071262 5.868632 2.106579 2.588288 1.971214 0.215177 9.124648 4.500796
(0) clusters[12] = 7.745289 8.250371 0.424866 2.176084 1.403888 0.897189 1.967800 4.479738 6.973158 0.066373 4.757827 4.258367 1.191470 4.994947 5.270663 7.361696
(0) clusters[13] = 8.840472 5.904365 0.482649 6.617265 5.008583 7.491233 4.275404 6.034698 0.879942 4.269001 7.413953 5.928451 0.411731 9.769839 1.416686 0.222591
(0) clusters[14] = 8.874999 8.120343 4.385480 6.620205 4.519153 3.619031 8.125617 7.238710 1.849688 6.707206 8.633899 4.924255 1.813307 9.172106 0.351900 5.070043
(0) clusters[15] = 9.965305 5.779220 4.443258 1.061391 8.123848 0.213066 0.433225 8.793660 5.756472 0.904951 1.290026 6.594339 1.038456 3.946998 6.502797 7.930943
        nloops =  10   (total =  7.0768s)  (per loop =  0.7077s)
Final cluster centers:
clusters[0] =   3.01   6.89   6.33   2.56   6.06   6.11   6.17   7.01   5.61   4.66   5.22   4.85   5.45   3.57   5.29   3.51 
clusters[1] =   4.99   4.61   5.32   4.84   2.56   6.69   5.00   3.45   7.54   4.84   3.79   6.79   4.66   5.66   4.24   2.88 
clusters[2] =   2.88   5.44   6.52   4.35   3.18   3.39   5.45   3.40   2.40   5.89   4.31   6.13   5.12   6.43   4.36   5.31 
clusters[3] =   5.26   3.93   7.05   6.52   5.50   6.38   6.94   3.97   5.44   3.48   6.74   6.92   4.77   5.03   6.57   6.53 
clusters[4] =   3.09   6.29   3.01   7.09   5.99   4.53   3.22   4.43   5.11   5.03   7.23   6.40   5.43   3.66   5.74   4.32 
clusters[5] =   4.01   4.00   6.36   6.17   7.33   5.19   3.73   4.77   6.00   4.32   3.48   2.74   4.70   7.30   5.13   3.64 
clusters[6] =   4.17   4.10   3.14   5.21   6.14   3.89   5.47   6.52   6.92   6.84   3.26   7.08   4.97   5.71   3.85   6.54 
clusters[7] =   3.70   3.43   3.01   5.08   3.35   6.84   6.28   6.74   4.12   4.17   4.75   3.27   4.74   5.19   5.62   7.09 
clusters[8] =   5.49   4.30   6.68   6.78   2.56   4.50   3.07   6.98   4.72   5.92   4.91   3.54   5.18   3.26   5.65   3.84 
clusters[9] =   5.35   3.22   5.68   2.98   5.38   4.38   4.30   3.17   6.42   6.87   7.39   3.32   5.13   4.48   4.59   6.28 
clusters[10] =   5.95   6.91   5.52   5.98   6.10   6.87   4.52   3.30   4.12   5.08   3.30   4.11   4.81   3.19   3.12   6.90 
clusters[11] =   6.08   3.91   3.31   5.22   6.05   3.81   7.26   3.53   3.78   5.55   3.56   4.23   5.36   3.36   6.46   2.98 
clusters[12] =   5.92   7.17   3.12   3.63   3.15   3.16   4.40   3.98   6.44   3.01   4.80   3.77   5.01   5.56   5.71   5.99 
clusters[13] =   6.55   4.44   3.09   3.81   5.30   6.95   3.71   5.29   2.76   4.67   6.32   5.88   4.55   6.58   3.94   3.14 
clusters[14] =   6.95   6.92   5.63   6.34   5.05   3.88   7.19   6.88   4.87   6.02   6.86   4.28   5.27   6.57   3.74   4.84 
clusters[15] =   6.81   4.33   6.34   3.51   6.37   3.38   3.16   6.62   3.93   3.55   4.00   6.86   4.83   4.47   6.05   6.29 
dataset_size = 256.00 MB    numObjs = 2097152    numCoords = 16    numClusters = 16
Initial cluster centers:
(0) clusters[0] = 0.004715 7.995198 8.346090 1.069209 7.634423 6.345752 4.278550 9.997682 6.721331 3.343146 2.509972 5.590152 2.435149 3.354148 5.438011 2.778399
(0) clusters[1] = 1.055605 3.438091 4.491276 5.507455 1.723666 6.807111 2.735951 0.343728 9.658373 5.107579 3.941269 8.264419 0.263599 8.721890 2.648821 0.791838
(0) clusters[2] = 1.090133 5.654074 8.398990 5.510395 1.239118 2.934909 6.586164 1.552633 0.628114 7.545774 5.166098 7.260231 1.655410 8.129035 1.584030 5.644182
(0) clusters[3] = 2.185321 3.312946 8.451885 9.951582 4.843814 9.533831 8.893767 3.102700 4.539781 1.748402 7.822229 8.930311 0.880554 2.903926 7.730053 8.505077
(0) clusters[4] = 2.219843 5.524042 2.354716 9.954517 4.359267 5.661629 2.743980 4.306712 5.504640 4.186602 9.047059 7.921236 2.277247 2.306198 6.665267 3.352533
(0) clusters[5] = 3.275621 0.966935 8.504781 4.397646 8.448509 6.132754 1.196498 4.657651 8.446564 5.951031 0.478356 0.600386 0.105697 7.678818 3.880950 1.365967
(0) clusters[6] = 3.315027 3.187801 2.407617 4.395703 7.959084 2.260552 5.046711 5.861668 9.411423 8.384348 1.698302 9.591316 1.502391 7.081085 2.816164 6.213428
(0) clusters[7] = 4.400445 0.841790 2.460512 8.841772 1.563774 8.854591 7.349432 7.416618 3.318207 2.591859 4.354433 1.261395 0.727535 1.855977 8.962183 9.074323
(0) clusters[8] = 4.434977 3.057773 6.368226 8.844707 1.074349 4.982394 1.204527 8.620635 4.283066 5.025176 5.574375 0.257203 2.124233 1.263127 7.897397 3.921784
(0) clusters[9] = 5.530160 0.716645 6.416239 3.290776 4.679044 1.576429 3.507253 0.175590 8.189854 9.227804 8.230506 1.927283 1.344494 6.038014 4.043416 6.787562
(0) clusters[10] = 6.620461 8.375516 6.474022 7.727075 8.288618 8.170469 5.814861 1.725658 2.096638 3.430432 0.881749 3.597362 0.569637 0.812906 0.194318 9.648457
(0) clusters[11] = 6.659866 0.586617 0.376853 7.730015 7.799193 4.298271 9.665074 2.934553 3.071262 5.868632 2.106579 2.588288 1.971214 0.215177 9.124648 4.500796
(0) clusters[12] = 7.745289 8.250371 0.424866 2.176084 1.403888 0.897189 1.967800 4.479738 6.973158 0.066373 4.757827 4.258367 1.191470 4.994947 5.270663 7.361696
(0) clusters[13] = 8.840472 5.904365 0.482649 6.617265 5.008583 7.491233 4.275404 6.034698 0.879942 4.269001 7.413953 5.928451 0.411731 9.769839 1.416686 0.222591
(0) clusters[14] = 8.874999 8.120343 4.385480 6.620205 4.519153 3.619031 8.125617 7.238710 1.849688 6.707206 8.633899 4.924255 1.813307 9.172106 0.351900 5.070043
(0) clusters[15] = 9.965305 5.779220 4.443258 1.061391 8.123848 0.213066 0.433225 8.793660 5.756472 0.904951 1.290026 6.594339 1.038456 3.946998 6.502797 7.930943
        nloops =  10   (total =  3.5483s)  (per loop =  0.3548s)
Final cluster centers:
clusters[0] =   3.01   6.89   6.33   2.56   6.06   6.11   6.17   7.01   5.61   4.66   5.22   4.85   5.45   3.57   5.29   3.51 
clusters[1] =   4.99   4.61   5.32   4.84   2.56   6.69   5.00   3.45   7.54   4.84   3.79   6.79   4.66   5.66   4.24   2.88 
clusters[2] =   2.88   5.44   6.52   4.35   3.18   3.39   5.45   3.40   2.40   5.89   4.31   6.13   5.12   6.43   4.36   5.31 
clusters[3] =   5.26   3.93   7.05   6.52   5.50   6.38   6.94   3.97   5.44   3.48   6.74   6.92   4.77   5.03   6.57   6.53 
clusters[4] =   3.09   6.29   3.01   7.09   5.99   4.53   3.22   4.43   5.11   5.03   7.23   6.40   5.43   3.66   5.74   4.32 
clusters[5] =   4.01   4.00   6.36   6.17   7.33   5.19   3.73   4.77   6.00   4.32   3.48   2.74   4.70   7.30   5.13   3.64 
clusters[6] =   4.17   4.10   3.14   5.21   6.14   3.89   5.47   6.52   6.92   6.84   3.26   7.08   4.97   5.71   3.85   6.54 
clusters[7] =   3.70   3.43   3.01   5.08   3.35   6.84   6.28   6.74   4.12   4.17   4.75   3.27   4.74   5.19   5.62   7.09 
clusters[8] =   5.49   4.30   6.68   6.78   2.56   4.50   3.07   6.98   4.72   5.92   4.91   3.54   5.18   3.26   5.65   3.84 
clusters[9] =   5.35   3.22   5.68   2.98   5.38   4.38   4.30   3.17   6.42   6.87   7.39   3.32   5.13   4.48   4.59   6.28 
clusters[10] =   5.95   6.91   5.52   5.98   6.10   6.87   4.52   3.30   4.12   5.08   3.30   4.11   4.81   3.19   3.12   6.90 
clusters[11] =   6.08   3.91   3.31   5.22   6.05   3.81   7.26   3.53   3.78   5.55   3.56   4.23   5.36   3.36   6.46   2.98 
clusters[12] =   5.92   7.17   3.12   3.63   3.15   3.16   4.40   3.98   6.44   3.01   4.80   3.77   5.01   5.56   5.71   5.99 
clusters[13] =   6.55   4.44   3.09   3.81   5.30   6.95   3.71   5.29   2.76   4.67   6.32   5.88   4.55   6.58   3.94   3.14 
clusters[14] =   6.95   6.92   5.63   6.34   5.05   3.88   7.19   6.88   4.87   6.02   6.86   4.28   5.27   6.57   3.74   4.84 
clusters[15] =   6.81   4.33   6.34   3.51   6.37   3.38   3.16   6.62   3.93   3.55   4.00   6.86   4.83   4.47   6.05   6.29 
dataset_size = 256.00 MB    numObjs = 2097152    numCoords = 16    numClusters = 16
Initial cluster centers:
(0) clusters[0] = 0.004715 7.995198 8.346090 1.069209 7.634423 6.345752 4.278550 9.997682 6.721331 3.343146 2.509972 5.590152 2.435149 3.354148 5.438011 2.778399
(0) clusters[1] = 1.055605 3.438091 4.491276 5.507455 1.723666 6.807111 2.735951 0.343728 9.658373 5.107579 3.941269 8.264419 0.263599 8.721890 2.648821 0.791838
(0) clusters[2] = 1.090133 5.654074 8.398990 5.510395 1.239118 2.934909 6.586164 1.552633 0.628114 7.545774 5.166098 7.260231 1.655410 8.129035 1.584030 5.644182
(0) clusters[3] = 2.185321 3.312946 8.451885 9.951582 4.843814 9.533831 8.893767 3.102700 4.539781 1.748402 7.822229 8.930311 0.880554 2.903926 7.730053 8.505077
(0) clusters[4] = 2.219843 5.524042 2.354716 9.954517 4.359267 5.661629 2.743980 4.306712 5.504640 4.186602 9.047059 7.921236 2.277247 2.306198 6.665267 3.352533
(0) clusters[5] = 3.275621 0.966935 8.504781 4.397646 8.448509 6.132754 1.196498 4.657651 8.446564 5.951031 0.478356 0.600386 0.105697 7.678818 3.880950 1.365967
(0) clusters[6] = 3.315027 3.187801 2.407617 4.395703 7.959084 2.260552 5.046711 5.861668 9.411423 8.384348 1.698302 9.591316 1.502391 7.081085 2.816164 6.213428
(0) clusters[7] = 4.400445 0.841790 2.460512 8.841772 1.563774 8.854591 7.349432 7.416618 3.318207 2.591859 4.354433 1.261395 0.727535 1.855977 8.962183 9.074323
(0) clusters[8] = 4.434977 3.057773 6.368226 8.844707 1.074349 4.982394 1.204527 8.620635 4.283066 5.025176 5.574375 0.257203 2.124233 1.263127 7.897397 3.921784
(0) clusters[9] = 5.530160 0.716645 6.416239 3.290776 4.679044 1.576429 3.507253 0.175590 8.189854 9.227804 8.230506 1.927283 1.344494 6.038014 4.043416 6.787562
(0) clusters[10] = 6.620461 8.375516 6.474022 7.727075 8.288618 8.170469 5.814861 1.725658 2.096638 3.430432 0.881749 3.597362 0.569637 0.812906 0.194318 9.648457
(0) clusters[11] = 6.659866 0.586617 0.376853 7.730015 7.799193 4.298271 9.665074 2.934553 3.071262 5.868632 2.106579 2.588288 1.971214 0.215177 9.124648 4.500796
(0) clusters[12] = 7.745289 8.250371 0.424866 2.176084 1.403888 0.897189 1.967800 4.479738 6.973158 0.066373 4.757827 4.258367 1.191470 4.994947 5.270663 7.361696
(0) clusters[13] = 8.840472 5.904365 0.482649 6.617265 5.008583 7.491233 4.275404 6.034698 0.879942 4.269001 7.413953 5.928451 0.411731 9.769839 1.416686 0.222591
(0) clusters[14] = 8.874999 8.120343 4.385480 6.620205 4.519153 3.619031 8.125617 7.238710 1.849688 6.707206 8.633899 4.924255 1.813307 9.172106 0.351900 5.070043
(0) clusters[15] = 9.965305 5.779220 4.443258 1.061391 8.123848 0.213066 0.433225 8.793660 5.756472 0.904951 1.290026 6.594339 1.038456 3.946998 6.502797 7.930943
        nloops =  10   (total =  1.7791s)  (per loop =  0.1779s)
Final cluster centers:
clusters[0] =   3.01   6.89   6.33   2.56   6.06   6.11   6.17   7.01   5.61   4.66   5.22   4.85   5.45   3.57   5.29   3.51 
clusters[1] =   4.99   4.61   5.32   4.84   2.56   6.69   5.00   3.45   7.54   4.84   3.79   6.79   4.66   5.66   4.24   2.88 
clusters[2] =   2.88   5.44   6.52   4.35   3.18   3.39   5.45   3.40   2.40   5.89   4.31   6.13   5.12   6.43   4.36   5.31 
clusters[3] =   5.26   3.93   7.05   6.52   5.50   6.38   6.94   3.97   5.44   3.48   6.74   6.92   4.77   5.03   6.57   6.53 
clusters[4] =   3.09   6.29   3.01   7.09   5.99   4.53   3.22   4.43   5.11   5.03   7.23   6.40   5.43   3.66   5.74   4.32 
clusters[5] =   4.01   4.00   6.36   6.17   7.33   5.19   3.73   4.77   6.00   4.32   3.48   2.74   4.70   7.30   5.13   3.64 
clusters[6] =   4.17   4.10   3.14   5.21   6.14   3.89   5.47   6.52   6.92   6.84   3.26   7.08   4.97   5.71   3.85   6.54 
clusters[7] =   3.70   3.43   3.01   5.08   3.35   6.84   6.28   6.74   4.12   4.17   4.75   3.27   4.74   5.19   5.62   7.09 
clusters[8] =   5.49   4.30   6.68   6.78   2.56   4.50   3.07   6.98   4.72   5.92   4.91   3.54   5.18   3.26   5.65   3.84 
clusters[9] =   5.35   3.22   5.68   2.98   5.38   4.38   4.30   3.17   6.42   6.87   7.39   3.32   5.13   4.48   4.59   6.28 
clusters[10] =   5.95   6.91   5.52   5.98   6.10   6.87   4.52   3.30   4.12   5.08   3.30   4.11   4.81   3.19   3.12   6.90 
clusters[11] =   6.08   3.91   3.31   5.22   6.05   3.81   7.26   3.53   3.78   5.55   3.56   4.23   5.36   3.36   6.46   2.98 
clusters[12] =   5.92   7.17   3.12   3.63   3.15   3.16   4.40   3.98   6.44   3.01   4.80   3.77   5.01   5.56   5.71   5.99 
clusters[13] =   6.55   4.44   3.09   3.81   5.30   6.95   3.71   5.29   2.76   4.67   6.32   5.88   4.55   6.58   3.94   3.14 
clusters[14] =   6.95   6.92   5.63   6.34   5.05   3.88   7.19   6.88   4.87   6.02   6.86   4.28   5.27   6.57   3.74   4.84 
clusters[15] =   6.81   4.33   6.34   3.51   6.37   3.38   3.16   6.62   3.93   3.55   4.00   6.86   4.83   4.47   6.05   6.29 
dataset_size = 256.00 MB    numObjs = 2097152    numCoords = 16    numClusters = 16
Initial cluster centers:
(0) clusters[0] = 0.004715 7.995198 8.346090 1.069209 7.634423 6.345752 4.278550 9.997682 6.721331 3.343146 2.509972 5.590152 2.435149 3.354148 5.438011 2.778399
(0) clusters[1] = 1.055605 3.438091 4.491276 5.507455 1.723666 6.807111 2.735951 0.343728 9.658373 5.107579 3.941269 8.264419 0.263599 8.721890 2.648821 0.791838
(0) clusters[2] = 1.090133 5.654074 8.398990 5.510395 1.239118 2.934909 6.586164 1.552633 0.628114 7.545774 5.166098 7.260231 1.655410 8.129035 1.584030 5.644182
(0) clusters[3] = 2.185321 3.312946 8.451885 9.951582 4.843814 9.533831 8.893767 3.102700 4.539781 1.748402 7.822229 8.930311 0.880554 2.903926 7.730053 8.505077
(0) clusters[4] = 2.219843 5.524042 2.354716 9.954517 4.359267 5.661629 2.743980 4.306712 5.504640 4.186602 9.047059 7.921236 2.277247 2.306198 6.665267 3.352533
(0) clusters[5] = 3.275621 0.966935 8.504781 4.397646 8.448509 6.132754 1.196498 4.657651 8.446564 5.951031 0.478356 0.600386 0.105697 7.678818 3.880950 1.365967
(0) clusters[6] = 3.315027 3.187801 2.407617 4.395703 7.959084 2.260552 5.046711 5.861668 9.411423 8.384348 1.698302 9.591316 1.502391 7.081085 2.816164 6.213428
(0) clusters[7] = 4.400445 0.841790 2.460512 8.841772 1.563774 8.854591 7.349432 7.416618 3.318207 2.591859 4.354433 1.261395 0.727535 1.855977 8.962183 9.074323
(0) clusters[8] = 4.434977 3.057773 6.368226 8.844707 1.074349 4.982394 1.204527 8.620635 4.283066 5.025176 5.574375 0.257203 2.124233 1.263127 7.897397 3.921784
(0) clusters[9] = 5.530160 0.716645 6.416239 3.290776 4.679044 1.576429 3.507253 0.175590 8.189854 9.227804 8.230506 1.927283 1.344494 6.038014 4.043416 6.787562
(0) clusters[10] = 6.620461 8.375516 6.474022 7.727075 8.288618 8.170469 5.814861 1.725658 2.096638 3.430432 0.881749 3.597362 0.569637 0.812906 0.194318 9.648457
(0) clusters[11] = 6.659866 0.586617 0.376853 7.730015 7.799193 4.298271 9.665074 2.934553 3.071262 5.868632 2.106579 2.588288 1.971214 0.215177 9.124648 4.500796
(0) clusters[12] = 7.745289 8.250371 0.424866 2.176084 1.403888 0.897189 1.967800 4.479738 6.973158 0.066373 4.757827 4.258367 1.191470 4.994947 5.270663 7.361696
(0) clusters[13] = 8.840472 5.904365 0.482649 6.617265 5.008583 7.491233 4.275404 6.034698 0.879942 4.269001 7.413953 5.928451 0.411731 9.769839 1.416686 0.222591
(0) clusters[14] = 8.874999 8.120343 4.385480 6.620205 4.519153 3.619031 8.125617 7.238710 1.849688 6.707206 8.633899 4.924255 1.813307 9.172106 0.351900 5.070043
(0) clusters[15] = 9.965305 5.779220 4.443258 1.061391 8.123848 0.213066 0.433225 8.793660 5.756472 0.904951 1.290026 6.594339 1.038456 3.946998 6.502797 7.930943
        nloops =  10   (total =  0.8983s)  (per loop =  0.0898s)
Final cluster centers:
clusters[0] =   3.01   6.89   6.33   2.56   6.06   6.11   6.17   7.01   5.61   4.66   5.22   4.85   5.45   3.57   5.29   3.51 
clusters[1] =   4.99   4.61   5.32   4.84   2.56   6.69   5.00   3.45   7.54   4.84   3.79   6.79   4.66   5.66   4.24   2.88 
clusters[2] =   2.88   5.44   6.52   4.35   3.18   3.39   5.45   3.40   2.40   5.89   4.31   6.13   5.12   6.43   4.36   5.31 
clusters[3] =   5.26   3.93   7.05   6.52   5.50   6.38   6.94   3.97   5.44   3.48   6.74   6.92   4.77   5.03   6.57   6.53 
clusters[4] =   3.09   6.29   3.01   7.09   5.99   4.53   3.22   4.43   5.11   5.03   7.23   6.40   5.43   3.66   5.74   4.32 
clusters[5] =   4.01   4.00   6.36   6.17   7.33   5.19   3.73   4.77   6.00   4.32   3.48   2.74   4.70   7.30   5.13   3.64 
clusters[6] =   4.17   4.10   3.14   5.21   6.14   3.89   5.47   6.52   6.92   6.84   3.26   7.08   4.97   5.71   3.85   6.54 
clusters[7] =   3.70   3.43   3.01   5.08   3.35   6.84   6.28   6.74   4.12   4.17   4.75   3.27   4.74   5.19   5.62   7.09 
clusters[8] =   5.49   4.30   6.68   6.78   2.56   4.50   3.07   6.98   4.72   5.92   4.91   3.54   5.18   3.26   5.65   3.84 
clusters[9] =   5.35   3.22   5.68   2.98   5.38   4.38   4.30   3.17   6.42   6.87   7.39   3.32   5.13   4.48   4.59   6.28 
clusters[10] =   5.95   6.91   5.52   5.98   6.10   6.87   4.52   3.30   4.12   5.08   3.30   4.11   4.81   3.19   3.12   6.90 
clusters[11] =   6.08   3.91   3.31   5.22   6.05   3.81   7.26   3.53   3.78   5.55   3.56   4.23   5.36   3.36   6.46   2.98 
clusters[12] =   5.92   7.17   3.12   3.63   3.15   3.16   4.40   3.98   6.44   3.01   4.80   3.77   5.01   5.56   5.71   5.99 
clusters[13] =   6.55   4.44   3.09   3.81   5.30   6.95   3.71   5.29   2.76   4.67   6.32   5.88   4.55   6.58   3.94   3.14 
clusters[14] =   6.95   6.92   5.63   6.34   5.05   3.88   7.19   6.88   4.87   6.02   6.86   4.28   5.27   6.57   3.74   4.84 
clusters[15] =   6.81   4.33   6.34   3.51   6.37   3.38   3.16   6.62   3.93   3.55   4.00   6.86   4.83   4.47   6.05   6.29 
dataset_size = 256.00 MB    numObjs = 2097152    numCoords = 16    numClusters = 16
Initial cluster centers:
(0) clusters[0] = 0.004715 7.995198 8.346090 1.069209 7.634423 6.345752 4.278550 9.997682 6.721331 3.343146 2.509972 5.590152 2.435149 3.354148 5.438011 2.778399
(0) clusters[1] = 1.055605 3.438091 4.491276 5.507455 1.723666 6.807111 2.735951 0.343728 9.658373 5.107579 3.941269 8.264419 0.263599 8.721890 2.648821 0.791838
(0) clusters[2] = 1.090133 5.654074 8.398990 5.510395 1.239118 2.934909 6.586164 1.552633 0.628114 7.545774 5.166098 7.260231 1.655410 8.129035 1.584030 5.644182
(0) clusters[3] = 2.185321 3.312946 8.451885 9.951582 4.843814 9.533831 8.893767 3.102700 4.539781 1.748402 7.822229 8.930311 0.880554 2.903926 7.730053 8.505077
(0) clusters[4] = 2.219843 5.524042 2.354716 9.954517 4.359267 5.661629 2.743980 4.306712 5.504640 4.186602 9.047059 7.921236 2.277247 2.306198 6.665267 3.352533
(0) clusters[5] = 3.275621 0.966935 8.504781 4.397646 8.448509 6.132754 1.196498 4.657651 8.446564 5.951031 0.478356 0.600386 0.105697 7.678818 3.880950 1.365967
(0) clusters[6] = 3.315027 3.187801 2.407617 4.395703 7.959084 2.260552 5.046711 5.861668 9.411423 8.384348 1.698302 9.591316 1.502391 7.081085 2.816164 6.213428
(0) clusters[7] = 4.400445 0.841790 2.460512 8.841772 1.563774 8.854591 7.349432 7.416618 3.318207 2.591859 4.354433 1.261395 0.727535 1.855977 8.962183 9.074323
(0) clusters[8] = 4.434977 3.057773 6.368226 8.844707 1.074349 4.982394 1.204527 8.620635 4.283066 5.025176 5.574375 0.257203 2.124233 1.263127 7.897397 3.921784
(0) clusters[9] = 5.530160 0.716645 6.416239 3.290776 4.679044 1.576429 3.507253 0.175590 8.189854 9.227804 8.230506 1.927283 1.344494 6.038014 4.043416 6.787562
(0) clusters[10] = 6.620461 8.375516 6.474022 7.727075 8.288618 8.170469 5.814861 1.725658 2.096638 3.430432 0.881749 3.597362 0.569637 0.812906 0.194318 9.648457
(0) clusters[11] = 6.659866 0.586617 0.376853 7.730015 7.799193 4.298271 9.665074 2.934553 3.071262 5.868632 2.106579 2.588288 1.971214 0.215177 9.124648 4.500796
(0) clusters[12] = 7.745289 8.250371 0.424866 2.176084 1.403888 0.897189 1.967800 4.479738 6.973158 0.066373 4.757827 4.258367 1.191470 4.994947 5.270663 7.361696
(0) clusters[13] = 8.840472 5.904365 0.482649 6.617265 5.008583 7.491233 4.275404 6.034698 0.879942 4.269001 7.413953 5.928451 0.411731 9.769839 1.416686 0.222591
(0) clusters[14] = 8.874999 8.120343 4.385480 6.620205 4.519153 3.619031 8.125617 7.238710 1.849688 6.707206 8.633899 4.924255 1.813307 9.172106 0.351900 5.070043
(0) clusters[15] = 9.965305 5.779220 4.443258 1.061391 8.123848 0.213066 0.433225 8.793660 5.756472 0.904951 1.290026 6.594339 1.038456 3.946998 6.502797 7.930943
        nloops =  10   (total =  0.4618s)  (per loop =  0.0462s)
Final cluster centers:
clusters[0] =   3.01   6.89   6.33   2.56   6.06   6.11   6.17   7.01   5.61   4.66   5.22   4.85   5.45   3.57   5.29   3.51 
clusters[1] =   4.99   4.61   5.32   4.84   2.56   6.69   5.00   3.45   7.54   4.84   3.79   6.79   4.66   5.66   4.24   2.88 
clusters[2] =   2.88   5.44   6.52   4.35   3.18   3.39   5.45   3.40   2.40   5.89   4.31   6.13   5.12   6.43   4.36   5.31 
clusters[3] =   5.26   3.93   7.05   6.52   5.50   6.38   6.94   3.97   5.44   3.48   6.74   6.92   4.77   5.03   6.57   6.53 
clusters[4] =   3.09   6.29   3.01   7.09   5.99   4.53   3.22   4.43   5.11   5.03   7.23   6.40   5.43   3.66   5.74   4.32 
clusters[5] =   4.01   4.00   6.36   6.17   7.33   5.19   3.73   4.77   6.00   4.32   3.48   2.74   4.70   7.30   5.13   3.64 
clusters[6] =   4.17   4.10   3.14   5.21   6.14   3.89   5.47   6.52   6.92   6.84   3.26   7.08   4.97   5.71   3.85   6.54 
clusters[7] =   3.70   3.43   3.01   5.08   3.35   6.84   6.28   6.74   4.12   4.17   4.75   3.27   4.74   5.19   5.62   7.09 
clusters[8] =   5.49   4.30   6.68   6.78   2.56   4.50   3.07   6.98   4.72   5.92   4.91   3.54   5.18   3.26   5.65   3.84 
clusters[9] =   5.35   3.22   5.68   2.98   5.38   4.38   4.30   3.17   6.42   6.87   7.39   3.32   5.13   4.48   4.59   6.28 
clusters[10] =   5.95   6.91   5.52   5.98   6.10   6.87   4.52   3.30   4.12   5.08   3.30   4.11   4.81   3.19   3.12   6.90 
clusters[11] =   6.08   3.91   3.31   5.22   6.05   3.81   7.26   3.53   3.78   5.55   3.56   4.23   5.36   3.36   6.46   2.98 
clusters[12] =   5.92   7.17   3.12   3.63   3.15   3.16   4.40   3.98   6.44   3.01   4.80   3.77   5.01   5.56   5.71   5.99 
clusters[13] =   6.55   4.44   3.09   3.81   5.30   6.95   3.71   5.29   2.76   4.67   6.32   5.88   4.55   6.58   3.94   3.14 
clusters[14] =   6.95   6.92   5.63   6.34   5.05   3.88   7.19   6.88   4.87   6.02   6.86   4.28   5.27   6.57   3.74   4.84 
clusters[15] =   6.81   4.33   6.34   3.51   6.37   3.38   3.16   6.62   3.93   3.55   4.00   6.86   4.83   4.47   6.05   6.29 
dataset_size = 256.00 MB    numObjs = 2097152    numCoords = 16    numClusters = 16
Initial cluster centers:
(0) clusters[0] = 0.004715 7.995198 8.346090 1.069209 7.634423 6.345752 4.278550 9.997682 6.721331 3.343146 2.509972 5.590152 2.435149 3.354148 5.438011 2.778399
(0) clusters[1] = 1.055605 3.438091 4.491276 5.507455 1.723666 6.807111 2.735951 0.343728 9.658373 5.107579 3.941269 8.264419 0.263599 8.721890 2.648821 0.791838
(0) clusters[2] = 1.090133 5.654074 8.398990 5.510395 1.239118 2.934909 6.586164 1.552633 0.628114 7.545774 5.166098 7.260231 1.655410 8.129035 1.584030 5.644182
(0) clusters[3] = 2.185321 3.312946 8.451885 9.951582 4.843814 9.533831 8.893767 3.102700 4.539781 1.748402 7.822229 8.930311 0.880554 2.903926 7.730053 8.505077
(0) clusters[4] = 2.219843 5.524042 2.354716 9.954517 4.359267 5.661629 2.743980 4.306712 5.504640 4.186602 9.047059 7.921236 2.277247 2.306198 6.665267 3.352533
(0) clusters[5] = 3.275621 0.966935 8.504781 4.397646 8.448509 6.132754 1.196498 4.657651 8.446564 5.951031 0.478356 0.600386 0.105697 7.678818 3.880950 1.365967
(0) clusters[6] = 3.315027 3.187801 2.407617 4.395703 7.959084 2.260552 5.046711 5.861668 9.411423 8.384348 1.698302 9.591316 1.502391 7.081085 2.816164 6.213428
(0) clusters[7] = 4.400445 0.841790 2.460512 8.841772 1.563774 8.854591 7.349432 7.416618 3.318207 2.591859 4.354433 1.261395 0.727535 1.855977 8.962183 9.074323
(0) clusters[8] = 4.434977 3.057773 6.368226 8.844707 1.074349 4.982394 1.204527 8.620635 4.283066 5.025176 5.574375 0.257203 2.124233 1.263127 7.897397 3.921784
(0) clusters[9] = 5.530160 0.716645 6.416239 3.290776 4.679044 1.576429 3.507253 0.175590 8.189854 9.227804 8.230506 1.927283 1.344494 6.038014 4.043416 6.787562
(0) clusters[10] = 6.620461 8.375516 6.474022 7.727075 8.288618 8.170469 5.814861 1.725658 2.096638 3.430432 0.881749 3.597362 0.569637 0.812906 0.194318 9.648457
(0) clusters[11] = 6.659866 0.586617 0.376853 7.730015 7.799193 4.298271 9.665074 2.934553 3.071262 5.868632 2.106579 2.588288 1.971214 0.215177 9.124648 4.500796
(0) clusters[12] = 7.745289 8.250371 0.424866 2.176084 1.403888 0.897189 1.967800 4.479738 6.973158 0.066373 4.757827 4.258367 1.191470 4.994947 5.270663 7.361696
(0) clusters[13] = 8.840472 5.904365 0.482649 6.617265 5.008583 7.491233 4.275404 6.034698 0.879942 4.269001 7.413953 5.928451 0.411731 9.769839 1.416686 0.222591
(0) clusters[14] = 8.874999 8.120343 4.385480 6.620205 4.519153 3.619031 8.125617 7.238710 1.849688 6.707206 8.633899 4.924255 1.813307 9.172106 0.351900 5.070043
(0) clusters[15] = 9.965305 5.779220 4.443258 1.061391 8.123848 0.213066 0.433225 8.793660 5.756472 0.904951 1.290026 6.594339 1.038456 3.946998 6.502797 7.930943
        nloops =  10   (total =  0.2453s)  (per loop =  0.0245s)
Final cluster centers:
clusters[0] =   3.01   6.89   6.33   2.56   6.06   6.11   6.17   7.01   5.61   4.66   5.22   4.85   5.45   3.57   5.29   3.51 
clusters[1] =   4.99   4.61   5.32   4.84   2.56   6.69   5.00   3.45   7.54   4.84   3.79   6.79   4.66   5.66   4.24   2.88 
clusters[2] =   2.88   5.44   6.52   4.35   3.18   3.39   5.45   3.40   2.40   5.89   4.31   6.13   5.12   6.43   4.36   5.31 
clusters[3] =   5.26   3.93   7.05   6.52   5.50   6.38   6.94   3.97   5.44   3.48   6.74   6.92   4.77   5.03   6.57   6.53 
clusters[4] =   3.09   6.29   3.01   7.09   5.99   4.53   3.22   4.43   5.11   5.03   7.23   6.40   5.43   3.66   5.74   4.32 
clusters[5] =   4.01   4.00   6.36   6.17   7.33   5.19   3.73   4.77   6.00   4.32   3.48   2.74   4.70   7.30   5.13   3.64 
clusters[6] =   4.17   4.10   3.14   5.21   6.14   3.89   5.47   6.52   6.92   6.84   3.26   7.08   4.97   5.71   3.85   6.54 
clusters[7] =   3.70   3.43   3.01   5.08   3.35   6.84   6.28   6.74   4.12   4.17   4.75   3.27   4.74   5.19   5.62   7.09 
clusters[8] =   5.49   4.30   6.68   6.78   2.56   4.50   3.07   6.98   4.72   5.92   4.91   3.54   5.18   3.26   5.65   3.84 
clusters[9] =   5.35   3.22   5.68   2.98   5.38   4.38   4.30   3.17   6.42   6.87   7.39   3.32   5.13   4.48   4.59   6.28 
clusters[10] =   5.95   6.91   5.52   5.98   6.10   6.87   4.52   3.30   4.12   5.08   3.30   4.11   4.81   3.19   3.12   6.90 
clusters[11] =   6.08   3.91   3.31   5.22   6.05   3.81   7.26   3.53   3.78   5.55   3.56   4.23   5.36   3.36   6.46   2.98 
clusters[12] =   5.92   7.17   3.12   3.63   3.15   3.16   4.40   3.98   6.44   3.01   4.80   3.77   5.01   5.56   5.71   5.99 
clusters[13] =   6.55   4.44   3.09   3.81   5.30   6.95   3.71   5.29   2.76   4.67   6.32   5.88   4.55   6.58   3.94   3.14 
clusters[14] =   6.95   6.92   5.63   6.34   5.05   3.88   7.19   6.88   4.87   6.02   6.86   4.28   5.27   6.57   3.74   4.84 
clusters[15] =   6.81   4.33   6.34   3.51   6.37   3.38   3.16   6.62   3.93   3.55   4.00   6.86   4.83   4.47   6.05   6.29 
