MT_CONF=0
Nthreads: 1  Runtime(sec): 10  Workload: 100/0/0  Throughput(Kops/sec): 1524.87
MT_CONF=0,1
Nthreads: 2  Runtime(sec): 10  Workload: 100/0/0  Throughput(Kops/sec): 1437.84
MT_CONF=0,1,2,3
Nthreads: 4  Runtime(sec): 10  Workload: 100/0/0  Throughput(Kops/sec): 1347.98
MT_CONF=0,1,2,3,4,5,6,7
Nthreads: 8  Runtime(sec): 10  Workload: 100/0/0  Throughput(Kops/sec): 1244.42
MT_CONF=0,1,2,3,4,5,6,7,8,9,10,11,12,13,14,15
Nthreads: 16  Runtime(sec): 10  Workload: 100/0/0  Throughput(Kops/sec): 923.44
MT_CONF=0,1,2,3,4,5,6,7,8,9,10,11,12,13,14,15,16,17,18,19,20,21,22,23,24,25,26,27,28,29,30,31
Nthreads: 32  Runtime(sec): 10  Workload: 100/0/0  Throughput(Kops/sec): 720.76
MT_CONF=0,1,2,3,4,5,6,7,8,9,10,11,12,13,14,15,16,17,18,19,20,21,22,23,24,25,26,27,28,29,30,31,32,33,34,35,36,37,38,39,40,41,42,43,44,45,46,47,48,49,50,51,52,53,54,55,56,57,58,59,60,61,62,63
Nthreads: 64  Runtime(sec): 10  Workload: 100/0/0  Throughput(Kops/sec): 583.22
MT_CONF=0,1,2,3,4,5,6,7,8,9,10,11,12,13,14,15,16,17,18,19,20,21,22,23,24,25,26,27,28,29,30,31,32,33,34,35,36,37,38,39,40,41,42,43,44,45,46,47,48,49,50,51,52,53,54,55,56,57,58,59,60,61,62,63,0,1,2,3,4,5,6,7,8,9,10,11,12,13,14,15,16,17,18,19,20,21,22,23,24,25,26,27,28,29,30,31,32,33,34,35,36,37,38,39,40,41,42,43,44,45,46,47,48,49,50,51,52,53,54,55,56,57,58,59,60,61,62,63
Nthreads: 128  Runtime(sec): 10  Workload: 100/0/0  Throughput(Kops/sec): 224.00
MT_CONF=0
Nthreads: 1  Runtime(sec): 10  Workload: 100/0/0  Throughput(Kops/sec): 234.06
MT_CONF=0,1
Nthreads: 2  Runtime(sec): 10  Workload: 100/0/0  Throughput(Kops/sec): 308.10
MT_CONF=0,1,2,3
Nthreads: 4  Runtime(sec): 10  Workload: 100/0/0  Throughput(Kops/sec): 405.80
MT_CONF=0,1,2,3,4,5,6,7
Nthreads: 8  Runtime(sec): 10  Workload: 100/0/0  Throughput(Kops/sec): 491.13
MT_CONF=0,1,2,3,4,5,6,7,8,9,10,11,12,13,14,15
Nthreads: 16  Runtime(sec): 10  Workload: 100/0/0  Throughput(Kops/sec): 229.31
MT_CONF=0,1,2,3,4,5,6,7,8,9,10,11,12,13,14,15,16,17,18,19,20,21,22,23,24,25,26,27,28,29,30,31
Nthreads: 32  Runtime(sec): 10  Workload: 100/0/0  Throughput(Kops/sec): 117.56
MT_CONF=0,1,2,3,4,5,6,7,8,9,10,11,12,13,14,15,16,17,18,19,20,21,22,23,24,25,26,27,28,29,30,31,32,33,34,35,36,37,38,39,40,41,42,43,44,45,46,47,48,49,50,51,52,53,54,55,56,57,58,59,60,61,62,63
Nthreads: 64  Runtime(sec): 10  Workload: 100/0/0  Throughput(Kops/sec): 71.21
MT_CONF=0,1,2,3,4,5,6,7,8,9,10,11,12,13,14,15,16,17,18,19,20,21,22,23,24,25,26,27,28,29,30,31,32,33,34,35,36,37,38,39,40,41,42,43,44,45,46,47,48,49,50,51,52,53,54,55,56,57,58,59,60,61,62,63,0,1,2,3,4,5,6,7,8,9,10,11,12,13,14,15,16,17,18,19,20,21,22,23,24,25,26,27,28,29,30,31,32,33,34,35,36,37,38,39,40,41,42,43,44,45,46,47,48,49,50,51,52,53,54,55,56,57,58,59,60,61,62,63
Nthreads: 128  Runtime(sec): 10  Workload: 100/0/0  Throughput(Kops/sec):  1.50
MT_CONF=0
Nthreads: 1  Runtime(sec): 10  Workload: 100/0/0  Throughput(Kops/sec): 644.61
MT_CONF=0,1
Nthreads: 2  Runtime(sec): 10  Workload: 100/0/0  Throughput(Kops/sec): 696.76
MT_CONF=0,1,2,3
Nthreads: 4  Runtime(sec): 10  Workload: 100/0/0  Throughput(Kops/sec): 797.97
MT_CONF=0,1,2,3,4,5,6,7
Nthreads: 8  Runtime(sec): 10  Workload: 100/0/0  Throughput(Kops/sec): 707.03
MT_CONF=0,1,2,3,4,5,6,7,8,9,10,11,12,13,14,15
Nthreads: 16  Runtime(sec): 10  Workload: 100/0/0  Throughput(Kops/sec): 198.78
MT_CONF=0,1,2,3,4,5,6,7,8,9,10,11,12,13,14,15,16,17,18,19,20,21,22,23,24,25,26,27,28,29,30,31
Nthreads: 32  Runtime(sec): 10  Workload: 100/0/0  Throughput(Kops/sec): 186.52
MT_CONF=0,1,2,3,4,5,6,7,8,9,10,11,12,13,14,15,16,17,18,19,20,21,22,23,24,25,26,27,28,29,30,31,32,33,34,35,36,37,38,39,40,41,42,43,44,45,46,47,48,49,50,51,52,53,54,55,56,57,58,59,60,61,62,63
Nthreads: 64  Runtime(sec): 10  Workload: 100/0/0  Throughput(Kops/sec): 318.72
MT_CONF=0,1,2,3,4,5,6,7,8,9,10,11,12,13,14,15,16,17,18,19,20,21,22,23,24,25,26,27,28,29,30,31,32,33,34,35,36,37,38,39,40,41,42,43,44,45,46,47,48,49,50,51,52,53,54,55,56,57,58,59,60,61,62,63,0,1,2,3,4,5,6,7,8,9,10,11,12,13,14,15,16,17,18,19,20,21,22,23,24,25,26,27,28,29,30,31,32,33,34,35,36,37,38,39,40,41,42,43,44,45,46,47,48,49,50,51,52,53,54,55,56,57,58,59,60,61,62,63
Nthreads: 128  Runtime(sec): 10  Workload: 100/0/0  Throughput(Kops/sec): 159.86
MT_CONF=0
Nthreads: 1  Runtime(sec): 10  Workload: 100/0/0  Throughput(Kops/sec): 1562.27
MT_CONF=0,1
Nthreads: 2  Runtime(sec): 10  Workload: 100/0/0  Throughput(Kops/sec): 3102.55
MT_CONF=0,1,2,3
Nthreads: 4  Runtime(sec): 10  Workload: 100/0/0  Throughput(Kops/sec): 5968.56
MT_CONF=0,1,2,3,4,5,6,7
Nthreads: 8  Runtime(sec): 10  Workload: 100/0/0  Throughput(Kops/sec): 11043.94
MT_CONF=0,1,2,3,4,5,6,7,8,9,10,11,12,13,14,15
Nthreads: 16  Runtime(sec): 10  Workload: 100/0/0  Throughput(Kops/sec): 22070.68
MT_CONF=0,1,2,3,4,5,6,7,8,9,10,11,12,13,14,15,16,17,18,19,20,21,22,23,24,25,26,27,28,29,30,31
Nthreads: 32  Runtime(sec): 10  Workload: 100/0/0  Throughput(Kops/sec): 44137.96
MT_CONF=0,1,2,3,4,5,6,7,8,9,10,11,12,13,14,15,16,17,18,19,20,21,22,23,24,25,26,27,28,29,30,31,32,33,34,35,36,37,38,39,40,41,42,43,44,45,46,47,48,49,50,51,52,53,54,55,56,57,58,59,60,61,62,63
Nthreads: 64  Runtime(sec): 10  Workload: 100/0/0  Throughput(Kops/sec): 80846.30
MT_CONF=0,1,2,3,4,5,6,7,8,9,10,11,12,13,14,15,16,17,18,19,20,21,22,23,24,25,26,27,28,29,30,31,32,33,34,35,36,37,38,39,40,41,42,43,44,45,46,47,48,49,50,51,52,53,54,55,56,57,58,59,60,61,62,63,0,1,2,3,4,5,6,7,8,9,10,11,12,13,14,15,16,17,18,19,20,21,22,23,24,25,26,27,28,29,30,31,32,33,34,35,36,37,38,39,40,41,42,43,44,45,46,47,48,49,50,51,52,53,54,55,56,57,58,59,60,61,62,63
Nthreads: 128  Runtime(sec): 10  Workload: 100/0/0  Throughput(Kops/sec): 83321.97
MT_CONF=0
Nthreads: 1  Runtime(sec): 10  Workload: 100/0/0  Throughput(Kops/sec): 734.81
MT_CONF=0,1
Nthreads: 2  Runtime(sec): 10  Workload: 100/0/0  Throughput(Kops/sec): 1458.68
MT_CONF=0,1,2,3
Nthreads: 4  Runtime(sec): 10  Workload: 100/0/0  Throughput(Kops/sec): 2805.34
MT_CONF=0,1,2,3,4,5,6,7
Nthreads: 8  Runtime(sec): 10  Workload: 100/0/0  Throughput(Kops/sec): 5191.87
MT_CONF=0,1,2,3,4,5,6,7,8,9,10,11,12,13,14,15
Nthreads: 16  Runtime(sec): 10  Workload: 100/0/0  Throughput(Kops/sec): 10311.84
MT_CONF=0,1,2,3,4,5,6,7,8,9,10,11,12,13,14,15,16,17,18,19,20,21,22,23,24,25,26,27,28,29,30,31
Nthreads: 32  Runtime(sec): 10  Workload: 100/0/0  Throughput(Kops/sec): 20200.90
MT_CONF=0,1,2,3,4,5,6,7,8,9,10,11,12,13,14,15,16,17,18,19,20,21,22,23,24,25,26,27,28,29,30,31,32,33,34,35,36,37,38,39,40,41,42,43,44,45,46,47,48,49,50,51,52,53,54,55,56,57,58,59,60,61,62,63
Nthreads: 64  Runtime(sec): 10  Workload: 100/0/0  Throughput(Kops/sec): 38724.20
MT_CONF=0,1,2,3,4,5,6,7,8,9,10,11,12,13,14,15,16,17,18,19,20,21,22,23,24,25,26,27,28,29,30,31,32,33,34,35,36,37,38,39,40,41,42,43,44,45,46,47,48,49,50,51,52,53,54,55,56,57,58,59,60,61,62,63,0,1,2,3,4,5,6,7,8,9,10,11,12,13,14,15,16,17,18,19,20,21,22,23,24,25,26,27,28,29,30,31,32,33,34,35,36,37,38,39,40,41,42,43,44,45,46,47,48,49,50,51,52,53,54,55,56,57,58,59,60,61,62,63
Nthreads: 128  Runtime(sec): 10  Workload: 100/0/0  Throughput(Kops/sec): 39261.63
