1 threads
FW_SR,2048,16,10.1004
2 threads
FW_SR,2048,16,5.2118
4 threads
FW_SR,2048,16,5.2887
8 threads
FW_SR,2048,16,5.8558
16 threads
FW_SR,2048,16,6.2007
32 threads
FW_SR,2048,16,6.5633
64 threads
FW_SR,2048,16,7.4134
1 threads
FW_SR,2048,32,6.7914
2 threads
FW_SR,2048,32,3.4759
4 threads
FW_SR,2048,32,3.5145
8 threads
FW_SR,2048,32,3.5760
16 threads
FW_SR,2048,32,3.8519
32 threads
FW_SR,2048,32,4.1707
64 threads
FW_SR,2048,32,4.4998
1 threads
FW_SR,2048,64,5.2498
2 threads
FW_SR,2048,64,2.8000
4 threads
FW_SR,2048,64,2.8305
8 threads
FW_SR,2048,64,2.8887
16 threads
FW_SR,2048,64,3.1282
32 threads
FW_SR,2048,64,3.3088
64 threads
FW_SR,2048,64,3.8080
1 threads
FW_SR,2048,128,4.6077
2 threads
FW_SR,2048,128,2.6564
4 threads
FW_SR,2048,128,2.8359
8 threads
FW_SR,2048,128,3.0677
16 threads
FW_SR,2048,128,3.2383
32 threads
FW_SR,2048,128,3.2627
64 threads
FW_SR,2048,128,4.0169
1 threads
FW_SR,2048,256,5.5300
2 threads
FW_SR,2048,256,3.4333
4 threads
FW_SR,2048,256,3.4405
8 threads
FW_SR,2048,256,3.4600
16 threads
FW_SR,2048,256,3.8306
32 threads
FW_SR,2048,256,4.1707
64 threads
FW_SR,2048,256,4.3116
1 threads
FW_SR,2048,512,5.9902
2 threads
FW_SR,2048,512,4.3365
4 threads
FW_SR,2048,512,4.3402
8 threads
FW_SR,2048,512,4.3431
16 threads
FW_SR,2048,512,4.4378
32 threads
FW_SR,2048,512,4.6355
64 threads
FW_SR,2048,512,4.6482
