1 threads
FW_SR,4096,16,84.5865
2 threads
FW_SR,4096,16,42.5805
4 threads
FW_SR,4096,16,43.6742
8 threads
FW_SR,4096,16,45.0032
16 threads
FW_SR,4096,16,45.5923
32 threads
FW_SR,4096,16,47.2313
64 threads
FW_SR,4096,16,50.3881
1 threads
FW_SR,4096,32,55.6860
2 threads
FW_SR,4096,32,28.7971
4 threads
FW_SR,4096,32,30.2477
8 threads
FW_SR,4096,32,30.5696
16 threads
FW_SR,4096,32,30.5231
32 threads
FW_SR,4096,32,32.8370
64 threads
FW_SR,4096,32,33.0680
1 threads
FW_SR,4096,64,41.2284
2 threads
FW_SR,4096,64,21.8944
4 threads
FW_SR,4096,64,22.3540
8 threads
FW_SR,4096,64,22.4042
16 threads
FW_SR,4096,64,22.6878
32 threads
FW_SR,4096,64,25.0216
64 threads
FW_SR,4096,64,26.2486
1 threads
FW_SR,4096,128,35.9774
2 threads
FW_SR,4096,128,19.4146
4 threads
FW_SR,4096,128,20.8869
8 threads
FW_SR,4096,128,20.4192
16 threads
FW_SR,4096,128,21.0820
32 threads
FW_SR,4096,128,21.6951
64 threads
FW_SR,4096,128,23.8118
1 threads
FW_SR,4096,256,43.5284
2 threads
FW_SR,4096,256,25.4574
4 threads
FW_SR,4096,256,26.0937
8 threads
FW_SR,4096,256,26.8292
16 threads
FW_SR,4096,256,26.2689
32 threads
FW_SR,4096,256,27.7122
64 threads
FW_SR,4096,256,29.3334
1 threads
FW_SR,4096,512,41.1767
2 threads
FW_SR,4096,512,26.2250
4 threads
FW_SR,4096,512,26.4091
8 threads
FW_SR,4096,512,26.3877
16 threads
FW_SR,4096,512,26.5830
32 threads
FW_SR,4096,512,26.9260
64 threads
FW_SR,4096,512,27.4444
