1 threads
FW_SR,4096,16,81.5566
2 threads
FW_SR,4096,16,41.6548
4 threads
FW_SR,4096,16,42.3764
8 threads
FW_SR,4096,16,44.5810
16 threads
FW_SR,4096,16,45.6162
32 threads
FW_SR,4096,16,47.5720
64 threads
FW_SR,4096,16,54.6084
1 threads
FW_SR,4096,32,55.5858
2 threads
FW_SR,4096,32,28.4702
4 threads
FW_SR,4096,32,28.6289
8 threads
FW_SR,4096,32,28.8782
16 threads
FW_SR,4096,32,30.2727
32 threads
FW_SR,4096,32,31.1051
64 threads
FW_SR,4096,32,38.8244
1 threads
FW_SR,4096,64,41.1993
2 threads
FW_SR,4096,64,21.4904
4 threads
FW_SR,4096,64,21.6180
8 threads
FW_SR,4096,64,22.1822
16 threads
FW_SR,4096,64,23.5042
32 threads
FW_SR,4096,64,23.7342
64 threads
FW_SR,4096,64,26.9922
1 threads
FW_SR,4096,128,34.6278
2 threads
FW_SR,4096,128,18.8665
4 threads
FW_SR,4096,128,19.4568
8 threads
FW_SR,4096,128,20.6100
16 threads
FW_SR,4096,128,21.2779
32 threads
FW_SR,4096,128,21.5812
64 threads
FW_SR,4096,128,27.0149
1 threads
FW_SR,4096,256,43.1884
2 threads
FW_SR,4096,256,24.5964
4 threads
FW_SR,4096,256,24.6408
8 threads
FW_SR,4096,256,24.7133
16 threads
FW_SR,4096,256,26.6077
32 threads
FW_SR,4096,256,28.3948
64 threads
FW_SR,4096,256,28.9913
1 threads
FW_SR,4096,512,40.9963
2 threads
FW_SR,4096,512,26.1209
4 threads
FW_SR,4096,512,26.1236
8 threads
FW_SR,4096,512,26.1209
16 threads
FW_SR,4096,512,27.0946
32 threads
FW_SR,4096,512,26.8513
64 threads
FW_SR,4096,512,31.9457
